#
# A fatal error has been detected by the Java Runtime Environment:
#
#  SIGSEGV (0xb) at pc=0x00000000004007be, pid=5888, tid=140025534506816
#
# JRE version: OpenJDK Runtime Environment (7.0_95) (build 1.7.0_95-b00)
# Java VM: OpenJDK 64-Bit Server VM (24.95-b01 mixed mode linux-amd64 compressed oops)
# Derivative: IcedTea 2.6.4
# Distribution: Ubuntu Xenial Xerus (development branch), package 7u95-2.6.4-3
# Problematic frame:
# C  [caller+0x7be]
#
# Failed to write core dump. Core dumps have been disabled. To enable core dumping, try "ulimit -c unlimited" before starting Java again
#
# If you would like to submit a bug report, please include
# instructions on how to reproduce the bug and visit:
#   http://icedtea.classpath.org/bugzilla
# The crash happened outside the Java Virtual Machine in native code.
# See problematic frame for where to report the bug.
#

---------------  T H R E A D  ---------------

Current thread (0x0000000001fd2800):  JavaThread "main" [_thread_in_native, id=5888, stack(0x00007ffc6a178000,0x00007ffc6a278000)]

siginfo:si_signo=SIGSEGV: si_errno=0, si_code=128 (), si_addr=0x0000000000000000

Registers:
RAX=0x41ff894156415741, RBX=0x0000000000000000, RCX=0x0000000000000000, RDX=0x00007f5a3c1d22b8
RSP=0x00007ffc6a274ec0, RBP=0x00007ffc6a274f00, RSI=0x0000000000000000, RDI=0x0000000001fd2800
R8 =0x0000000000000000, R9 =0x00007ffc6a274d50, R10=0x00000000002cf226, R11=0x0013e1d41b86292e
R12=0x0000000000400600, R13=0x00007ffc6a274fe0, R14=0x0000000000000000, R15=0x0000000000000000
RIP=0x00000000004007be, EFLAGS=0x0000000000010246, CSGSFS=0x002b000000000033, ERR=0x0000000000000000
  TRAPNO=0x000000000000000d

Top of Stack: (sp=0x00007ffc6a274ec0)
0x00007ffc6a274ec0:   00007ffc6a274fe8 00000001004008dd
0x00007ffc6a274ed0:   0000000000000000 00007f5a3c1ae020
0x00007ffc6a274ee0:   0000000000400890 0000000000400600
0x00007ffc6a274ef0:   00007ffc6a274fe0 ca0ea05519522200
0x00007ffc6a274f00:   0000000000400890 00007f5a3b018830
0x00007ffc6a274f10:   0000000000000000 00007ffc6a274fe8
0x00007ffc6a274f20:   000000013c1a2700 0000000000400766
0x00007ffc6a274f30:   0000000000000000 679b8515e6a213e8
0x00007ffc6a274f40:   0000000000400600 00007ffc6a274fe0
0x00007ffc6a274f50:   0000000000000000 0000000000000000
0x00007ffc6a274f60:   986351db69a213e8 992ff396f85213e8
0x00007ffc6a274f70:   00007ffc00000000 0000000000000000
0x00007ffc6a274f80:   0000000000000000 0000000000400900
0x00007ffc6a274f90:   00007f5a3c200ab0 00007f5a3c2007cb
0x00007ffc6a274fa0:   0000000000000000 0000000000000000
0x00007ffc6a274fb0:   0000000000400600 00007ffc6a274fe0
0x00007ffc6a274fc0:   0000000000000000 0000000000400629
0x00007ffc6a274fd0:   00007ffc6a274fd8 000000000000001c
0x00007ffc6a274fe0:   0000000000000001 00007ffc6a277200
0x00007ffc6a274ff0:   0000000000000000 00007ffc6a277209
0x00007ffc6a275000:   00007ffc6a277250 00007ffc6a27725b
0x00007ffc6a275010:   00007ffc6a27726d 00007ffc6a27729c
0x00007ffc6a275020:   00007ffc6a2772b2 00007ffc6a2772c1
0x00007ffc6a275030:   00007ffc6a2772f1 00007ffc6a277302
0x00007ffc6a275040:   00007ffc6a277319 00007ffc6a27732d
0x00007ffc6a275050:   00007ffc6a27733d 00007ffc6a277360
0x00007ffc6a275060:   00007ffc6a277372 00007ffc6a277389
0x00007ffc6a275070:   00007ffc6a2773cd 00007ffc6a2773fa
0x00007ffc6a275080:   00007ffc6a277403 00007ffc6a277416
0x00007ffc6a275090:   00007ffc6a27799e 00007ffc6a2779d8
0x00007ffc6a2750a0:   00007ffc6a277a0c 00007ffc6a277a35
0x00007ffc6a2750b0:   00007ffc6a277a68 00007ffc6a277ac2 

Instructions: (pc=0x00000000004007be)
0x000000000040079e:   48 85 c0 74 14 bf 2e 09 40 00 e8 23 fe ff ff b8
0x00000000004007ae:   ff ff ff ff e9 bd 00 00 00 48 8b 45 e0 48 8b 00
0x00000000004007be:   48 8b 40 30 48 8b 55 e0 be 42 09 40 00 48 89 d7
0x00000000004007ce:   ff d0 48 89 45 e8 48 83 7d e8 00 75 13 bf 48 09 

Register to memory mapping:

RAX=0x41ff894156415741 is an unknown value
RBX=0x0000000000000000 is an unknown value
RCX=0x0000000000000000 is an unknown value
RDX=0x00007f5a3c1d22b8: <offset 0xe102b8> in /usr/lib/jvm/java-7-openjdk-amd64/jre/lib/amd64/server/libjvm.so at 0x00007f5a3b3c2000
RSP=0x00007ffc6a274ec0 is pointing into the stack for thread: 0x0000000001fd2800
RBP=0x00007ffc6a274f00 is pointing into the stack for thread: 0x0000000001fd2800
RSI=0x0000000000000000 is an unknown value
RDI=0x0000000001fd2800 is a thread
R8 =0x0000000000000000 is an unknown value
R9 =0x00007ffc6a274d50 is pointing into the stack for thread: 0x0000000001fd2800
R10=0x00000000002cf226 is an unknown value
R11=0x0013e1d41b86292e is an unknown value
R12=0x0000000000400600: <offset 0x600> in ./caller at 0x0000000000400000
R13=0x00007ffc6a274fe0 is pointing into the stack for thread: 0x0000000001fd2800
R14=0x0000000000000000 is an unknown value
R15=0x0000000000000000 is an unknown value


Stack: [0x00007ffc6a178000,0x00007ffc6a278000],  sp=0x00007ffc6a274ec0,  free space=1011k
Native frames: (J=compiled Java code, j=interpreted, Vv=VM code, C=native code)
C  [caller+0x7be]


---------------  P R O C E S S  ---------------

Java Threads: ( => current thread )
  0x0000000002077000 JavaThread "Service Thread" daemon [_thread_blocked, id=5899, stack(0x00007f5a2d522000,0x00007f5a2d623000)]
  0x0000000002074800 JavaThread "C2 CompilerThread1" daemon [_thread_blocked, id=5898, stack(0x00007f5a2d623000,0x00007f5a2d724000)]
  0x0000000002071800 JavaThread "C2 CompilerThread0" daemon [_thread_blocked, id=5897, stack(0x00007f5a2d724000,0x00007f5a2d825000)]
  0x000000000206f800 JavaThread "Signal Dispatcher" daemon [_thread_blocked, id=5896, stack(0x00007f5a340d4000,0x00007f5a341d5000)]
  0x0000000002045000 JavaThread "Finalizer" daemon [_thread_blocked, id=5895, stack(0x00007f5a341d5000,0x00007f5a342d6000)]
  0x0000000002043000 JavaThread "Reference Handler" daemon [_thread_blocked, id=5894, stack(0x00007f5a342d6000,0x00007f5a343d7000)]
=>0x0000000001fd2800 JavaThread "main" [_thread_in_native, id=5888, stack(0x00007ffc6a178000,0x00007ffc6a278000)]

Other Threads:
  0x000000000203e800 VMThread [stack: 0x00007f5a343d7000,0x00007f5a344d8000] [id=5893]
  0x0000000002081800 WatcherThread [stack: 0x00007f5a2d421000,0x00007f5a2d522000] [id=5900]

VM state:not at safepoint (normal execution)

VM Mutex/Monitor currently owned by a thread: None

Heap
 PSYoungGen      total 18432K, used 635K [0x00000000ebe80000, 0x00000000ed300000, 0x0000000100000000)
  eden space 15872K, 4% used [0x00000000ebe80000,0x00000000ebf1ec78,0x00000000ece00000)
  from space 2560K, 0% used [0x00000000ed080000,0x00000000ed080000,0x00000000ed300000)
  to   space 2560K, 0% used [0x00000000ece00000,0x00000000ece00000,0x00000000ed080000)
 ParOldGen       total 40960K, used 0K [0x00000000c3c00000, 0x00000000c6400000, 0x00000000ebe80000)
  object space 40960K, 0% used [0x00000000c3c00000,0x00000000c3c00000,0x00000000c6400000)
 PSPermGen       total 21504K, used 2293K [0x00000000b9600000, 0x00000000bab00000, 0x00000000c3c00000)
  object space 21504K, 10% used [0x00000000b9600000,0x00000000b983d540,0x00000000bab00000)

Card table byte_map: [0x00007f5a35e56000,0x00007f5a3608c000] byte_map_base: 0x00007f5a3588b000

Polling page: 0x00007f5a3c412000

Code Cache  [0x00007f5a3608c000, 0x00007f5a362fc000, 0x00007f5a3908c000)
 total_blobs=156 nmethods=0 adapters=125 free_code_cache=48779Kb largest_free_block=49949760

Compilation events (0 events):
No events

GC Heap History (0 events):
No events

Deoptimization events (0 events):
No events

Internal exceptions (1 events):
Event: 0.022 Thread 0x0000000001fd2800 Threw 0x00000000ebe8f140 at /build/openjdk-7-hGnxiC/openjdk-7-7u95-2.6.4/build/openjdk/hotspot/src/share/vm/prims/jni.cpp:4027

Events (10 events):
Event: 0.045 loading class 0x00007f5a3c2a2a10
Event: 0.045 loading class 0x00007f5a3c2a2a10 done
Event: 0.045 loading class 0x000000000202dfa0
Event: 0.045 loading class 0x000000000202dfa0 done
Event: 0.045 loading class 0x00007f5a3c25ef80
Event: 0.045 loading class 0x00007f5a3c25ef80 done
Event: 0.045 Thread 0x000000000206f800 Thread added: 0x000000000206f800
Event: 0.045 Thread 0x0000000002071800 Thread added: 0x0000000002071800
Event: 0.046 Thread 0x0000000002074800 Thread added: 0x0000000002074800
Event: 0.046 Thread 0x0000000002077000 Thread added: 0x0000000002077000


Dynamic libraries:
00400000-00401000 r-xp 00000000 08:06 28972275                           /home/luo/桌面/work/java_test/jni_C_call_Java/caller
00600000-00601000 r--p 00000000 08:06 28972275                           /home/luo/桌面/work/java_test/jni_C_call_Java/caller
00601000-00602000 rw-p 00001000 08:06 28972275                           /home/luo/桌面/work/java_test/jni_C_call_Java/caller
01fb7000-02090000 rw-p 00000000 00:00 0                                  [heap]
b9600000-bab00000 rw-p 00000000 00:00 0 
bab00000-c3c00000 rw-p 00000000 00:00 0 
c3c00000-c6400000 rw-p 00000000 00:00 0 
c6400000-ebe80000 rw-p 00000000 00:00 0 
ebe80000-ed300000 rw-p 00000000 00:00 0 
ed300000-100000000 rw-p 00000000 00:00 0 
7f59f8000000-7f59f8021000 rw-p 00000000 00:00 0 
7f59f8021000-7f59fc000000 ---p 00000000 00:00 0 
7f5a00000000-7f5a00021000 rw-p 00000000 00:00 0 
7f5a00021000-7f5a04000000 ---p 00000000 00:00 0 
7f5a04000000-7f5a04021000 rw-p 00000000 00:00 0 
7f5a04021000-7f5a08000000 ---p 00000000 00:00 0 
7f5a08000000-7f5a08021000 rw-p 00000000 00:00 0 
7f5a08021000-7f5a0c000000 ---p 00000000 00:00 0 
7f5a0c000000-7f5a0c021000 rw-p 00000000 00:00 0 
7f5a0c021000-7f5a10000000 ---p 00000000 00:00 0 
7f5a10000000-7f5a10021000 rw-p 00000000 00:00 0 
7f5a10021000-7f5a14000000 ---p 00000000 00:00 0 
7f5a14000000-7f5a14021000 rw-p 00000000 00:00 0 
7f5a14021000-7f5a18000000 ---p 00000000 00:00 0 
7f5a18000000-7f5a18021000 rw-p 00000000 00:00 0 
7f5a18021000-7f5a1c000000 ---p 00000000 00:00 0 
7f5a1c000000-7f5a1c021000 rw-p 00000000 00:00 0 
7f5a1c021000-7f5a20000000 ---p 00000000 00:00 0 
7f5a20000000-7f5a20021000 rw-p 00000000 00:00 0 
7f5a20021000-7f5a24000000 ---p 00000000 00:00 0 
7f5a28000000-7f5a28021000 rw-p 00000000 00:00 0 
7f5a28021000-7f5a2c000000 ---p 00000000 00:00 0 
7f5a2d421000-7f5a2d422000 ---p 00000000 00:00 0 
7f5a2d422000-7f5a2d522000 rw-p 00000000 00:00 0 
7f5a2d522000-7f5a2d525000 ---p 00000000 00:00 0 
7f5a2d525000-7f5a2d623000 rw-p 00000000 00:00 0 
7f5a2d623000-7f5a2d626000 ---p 00000000 00:00 0 
7f5a2d626000-7f5a2d724000 rw-p 00000000 00:00 0 
7f5a2d724000-7f5a2d727000 ---p 00000000 00:00 0 
7f5a2d727000-7f5a2d825000 rw-p 00000000 00:00 0 
7f5a2d825000-7f5a2dcb0000 r--p 00000000 08:06 32375532                   /usr/lib/locale/locale-archive
7f5a2dcb0000-7f5a30000000 rw-p 00000000 00:00 0 
7f5a30000000-7f5a30021000 rw-p 00000000 00:00 0 
7f5a30021000-7f5a34000000 ---p 00000000 00:00 0 
7f5a340d4000-7f5a340d7000 ---p 00000000 00:00 0 
7f5a340d7000-7f5a341d5000 rw-p 00000000 00:00 0 
7f5a341d5000-7f5a341d8000 ---p 00000000 00:00 0 
7f5a341d8000-7f5a342d6000 rw-p 00000000 00:00 0 
7f5a342d6000-7f5a342d9000 ---p 00000000 00:00 0 
7f5a342d9000-7f5a343d7000 rw-p 00000000 00:00 0 
7f5a343d7000-7f5a343d8000 ---p 00000000 00:00 0 
7f5a343d8000-7f5a354b4000 rw-p 00000000 00:00 0 
7f5a354b4000-7f5a35665000 r--s 01d30000 08:06 32386267                   /usr/lib/jvm/java-7-openjdk-amd64/jre/lib/rt.jar
7f5a35665000-7f5a35910000 rw-p 00000000 00:00 0 
7f5a35910000-7f5a35911000 ---p 00000000 00:00 0 
7f5a35911000-7f5a35a11000 rw-p 00000000 00:00 0 
7f5a35a11000-7f5a35a12000 ---p 00000000 00:00 0 
7f5a35a12000-7f5a35b12000 rw-p 00000000 00:00 0 
7f5a35b12000-7f5a35b13000 ---p 00000000 00:00 0 
7f5a35b13000-7f5a35c13000 rw-p 00000000 00:00 0 
7f5a35c13000-7f5a35c14000 ---p 00000000 00:00 0 
7f5a35c14000-7f5a35d28000 rw-p 00000000 00:00 0 
7f5a35d28000-7f5a35e56000 rw-p 00000000 00:00 0 
7f5a35e56000-7f5a35e61000 rw-p 00000000 00:00 0 
7f5a35e61000-7f5a35ea9000 rw-p 00000000 00:00 0 
7f5a35ea9000-7f5a35ebd000 rw-p 00000000 00:00 0 
7f5a35ebd000-7f5a35fea000 rw-p 00000000 00:00 0 
7f5a35fea000-7f5a35ff5000 rw-p 00000000 00:00 0 
7f5a35ff5000-7f5a3608b000 rw-p 00000000 00:00 0 
7f5a3608b000-7f5a3608c000 rw-p 00000000 00:00 0 
7f5a3608c000-7f5a362fc000 rwxp 00000000 00:00 0 
7f5a362fc000-7f5a3908c000 rw-p 00000000 00:00 0 
7f5a3908c000-7f5a390a5000 r-xp 00000000 08:06 16781693                   /lib/x86_64-linux-gnu/libz.so.1.2.8
7f5a390a5000-7f5a392a4000 ---p 00019000 08:06 16781693                   /lib/x86_64-linux-gnu/libz.so.1.2.8
7f5a392a4000-7f5a392a5000 r--p 00018000 08:06 16781693                   /lib/x86_64-linux-gnu/libz.so.1.2.8
7f5a392a5000-7f5a392a6000 rw-p 00019000 08:06 16781693                   /lib/x86_64-linux-gnu/libz.so.1.2.8
7f5a392a6000-7f5a392ae000 r-xp 00000000 08:06 32386234                   /usr/lib/jvm/java-7-openjdk-amd64/jre/lib/amd64/libzip.so
7f5a392ae000-7f5a394ad000 ---p 00008000 08:06 32386234                   /usr/lib/jvm/java-7-openjdk-amd64/jre/lib/amd64/libzip.so
7f5a394ad000-7f5a394ae000 r--p 00007000 08:06 32386234                   /usr/lib/jvm/java-7-openjdk-amd64/jre/lib/amd64/libzip.so
7f5a394ae000-7f5a394af000 rw-p 00008000 08:06 32386234                   /usr/lib/jvm/java-7-openjdk-amd64/jre/lib/amd64/libzip.so
7f5a394af000-7f5a394ba000 r-xp 00000000 08:06 16777299                   /lib/x86_64-linux-gnu/libnss_files-2.23.so
7f5a394ba000-7f5a396b9000 ---p 0000b000 08:06 16777299                   /lib/x86_64-linux-gnu/libnss_files-2.23.so
7f5a396b9000-7f5a396ba000 r--p 0000a000 08:06 16777299                   /lib/x86_64-linux-gnu/libnss_files-2.23.so
7f5a396ba000-7f5a396bb000 rw-p 0000b000 08:06 16777299                   /lib/x86_64-linux-gnu/libnss_files-2.23.so
7f5a396bb000-7f5a396c1000 rw-p 00000000 00:00 0 
7f5a396c1000-7f5a396cc000 r-xp 00000000 08:06 16777302                   /lib/x86_64-linux-gnu/libnss_nis-2.23.so
7f5a396cc000-7f5a398cb000 ---p 0000b000 08:06 16777302                   /lib/x86_64-linux-gnu/libnss_nis-2.23.so
7f5a398cb000-7f5a398cc000 r--p 0000a000 08:06 16777302                   /lib/x86_64-linux-gnu/libnss_nis-2.23.so
7f5a398cc000-7f5a398cd000 rw-p 0000b000 08:06 16777302                   /lib/x86_64-linux-gnu/libnss_nis-2.23.so
7f5a398cd000-7f5a398e3000 r-xp 00000000 08:06 16777221                   /lib/x86_64-linux-gnu/libnsl-2.23.so
7f5a398e3000-7f5a39ae2000 ---p 00016000 08:06 16777221                   /lib/x86_64-linux-gnu/libnsl-2.23.so
7f5a39ae2000-7f5a39ae3000 r--p 00015000 08:06 16777221                   /lib/x86_64-linux-gnu/libnsl-2.23.so
7f5a39ae3000-7f5a39ae4000 rw-p 00016000 08:06 16777221                   /lib/x86_64-linux-gnu/libnsl-2.23.so
7f5a39ae4000-7f5a39ae6000 rw-p 00000000 00:00 0 
7f5a39ae6000-7f5a39aee000 r-xp 00000000 08:06 16777308                   /lib/x86_64-linux-gnu/libnss_compat-2.23.so
7f5a39aee000-7f5a39ced000 ---p 00008000 08:06 16777308                   /lib/x86_64-linux-gnu/libnss_compat-2.23.so
7f5a39ced000-7f5a39cee000 r--p 00007000 08:06 16777308                   /lib/x86_64-linux-gnu/libnss_compat-2.23.so
7f5a39cee000-7f5a39cef000 rw-p 00008000 08:06 16777308                   /lib/x86_64-linux-gnu/libnss_compat-2.23.so
7f5a39cef000-7f5a39d1b000 r-xp 00000000 08:06 32386219                   /usr/lib/jvm/java-7-openjdk-amd64/jre/lib/amd64/libjava.so
7f5a39d1b000-7f5a39f1a000 ---p 0002c000 08:06 32386219                   /usr/lib/jvm/java-7-openjdk-amd64/jre/lib/amd64/libjava.so
7f5a39f1a000-7f5a39f1b000 r--p 0002b000 08:06 32386219                   /usr/lib/jvm/java-7-openjdk-amd64/jre/lib/amd64/libjava.so
7f5a39f1b000-7f5a39f1d000 rw-p 0002c000 08:06 32386219                   /usr/lib/jvm/java-7-openjdk-amd64/jre/lib/amd64/libjava.so
7f5a39f1d000-7f5a39f2c000 r-xp 00000000 08:06 32386220                   /usr/lib/jvm/java-7-openjdk-amd64/jre/lib/amd64/libverify.so
7f5a39f2c000-7f5a3a12b000 ---p 0000f000 08:06 32386220                   /usr/lib/jvm/java-7-openjdk-amd64/jre/lib/amd64/libverify.so
7f5a3a12b000-7f5a3a12d000 r--p 0000e000 08:06 32386220                   /usr/lib/jvm/java-7-openjdk-amd64/jre/lib/amd64/libverify.so
7f5a3a12d000-7f5a3a12e000 rw-p 00010000 08:06 32386220                   /usr/lib/jvm/java-7-openjdk-amd64/jre/lib/amd64/libverify.so
7f5a3a12e000-7f5a3a135000 r-xp 00000000 08:06 16777304                   /lib/x86_64-linux-gnu/librt-2.23.so
7f5a3a135000-7f5a3a334000 ---p 00007000 08:06 16777304                   /lib/x86_64-linux-gnu/librt-2.23.so
7f5a3a334000-7f5a3a335000 r--p 00006000 08:06 16777304                   /lib/x86_64-linux-gnu/librt-2.23.so
7f5a3a335000-7f5a3a336000 rw-p 00007000 08:06 16777304                   /lib/x86_64-linux-gnu/librt-2.23.so
7f5a3a336000-7f5a3a34c000 r-xp 00000000 08:06 16781758                   /lib/x86_64-linux-gnu/libgcc_s.so.1
7f5a3a34c000-7f5a3a54b000 ---p 00016000 08:06 16781758                   /lib/x86_64-linux-gnu/libgcc_s.so.1
7f5a3a54b000-7f5a3a54c000 rw-p 00015000 08:06 16781758                   /lib/x86_64-linux-gnu/libgcc_s.so.1
7f5a3a54c000-7f5a3a564000 r-xp 00000000 08:06 16777301                   /lib/x86_64-linux-gnu/libpthread-2.23.so
7f5a3a564000-7f5a3a763000 ---p 00018000 08:06 16777301                   /lib/x86_64-linux-gnu/libpthread-2.23.so
7f5a3a763000-7f5a3a764000 r--p 00017000 08:06 16777301                   /lib/x86_64-linux-gnu/libpthread-2.23.so
7f5a3a764000-7f5a3a765000 rw-p 00018000 08:06 16777301                   /lib/x86_64-linux-gnu/libpthread-2.23.so
7f5a3a765000-7f5a3a769000 rw-p 00000000 00:00 0 
7f5a3a769000-7f5a3a76c000 r-xp 00000000 08:06 16777307                   /lib/x86_64-linux-gnu/libdl-2.23.so
7f5a3a76c000-7f5a3a96b000 ---p 00003000 08:06 16777307                   /lib/x86_64-linux-gnu/libdl-2.23.so
7f5a3a96b000-7f5a3a96c000 r--p 00002000 08:06 16777307                   /lib/x86_64-linux-gnu/libdl-2.23.so
7f5a3a96c000-7f5a3a96d000 rw-p 00003000 08:06 16777307                   /lib/x86_64-linux-gnu/libdl-2.23.so
7f5a3a96d000-7f5a3aa75000 r-xp 00000000 08:06 16777313                   /lib/x86_64-linux-gnu/libm-2.23.so
7f5a3aa75000-7f5a3ac74000 ---p 00108000 08:06 16777313                   /lib/x86_64-linux-gnu/libm-2.23.so
7f5a3ac74000-7f5a3ac75000 r--p 00107000 08:06 16777313                   /lib/x86_64-linux-gnu/libm-2.23.so
7f5a3ac75000-7f5a3ac76000 rw-p 00108000 08:06 16777313                   /lib/x86_64-linux-gnu/libm-2.23.so
7f5a3ac76000-7f5a3ade8000 r-xp 00000000 08:06 32374972                   /usr/lib/x86_64-linux-gnu/libstdc++.so.6.0.21
7f5a3ade8000-7f5a3afe8000 ---p 00172000 08:06 32374972                   /usr/lib/x86_64-linux-gnu/libstdc++.so.6.0.21
7f5a3afe8000-7f5a3aff2000 r--p 00172000 08:06 32374972                   /usr/lib/x86_64-linux-gnu/libstdc++.so.6.0.21
7f5a3aff2000-7f5a3aff4000 rw-p 0017c000 08:06 32374972                   /usr/lib/x86_64-linux-gnu/libstdc++.so.6.0.21
7f5a3aff4000-7f5a3aff8000 rw-p 00000000 00:00 0 
7f5a3aff8000-7f5a3b1b8000 r-xp 00000000 08:06 16781739                   /lib/x86_64-linux-gnu/libc-2.23.so
7f5a3b1b8000-7f5a3b3b8000 ---p 001c0000 08:06 16781739                   /lib/x86_64-linux-gnu/libc-2.23.so
7f5a3b3b8000-7f5a3b3bc000 r--p 001c0000 08:06 16781739                   /lib/x86_64-linux-gnu/libc-2.23.so
7f5a3b3bc000-7f5a3b3be000 rw-p 001c4000 08:06 16781739                   /lib/x86_64-linux-gnu/libc-2.23.so
7f5a3b3be000-7f5a3b3c2000 rw-p 00000000 00:00 0 
7f5a3b3c2000-7f5a3bf12000 r-xp 00000000 08:06 32386232                   /usr/lib/jvm/java-7-openjdk-amd64/jre/lib/amd64/server/libjvm.so
7f5a3bf12000-7f5a3c111000 ---p 00b50000 08:06 32386232                   /usr/lib/jvm/java-7-openjdk-amd64/jre/lib/amd64/server/libjvm.so
7f5a3c111000-7f5a3c1a2000 r--p 00b4f000 08:06 32386232                   /usr/lib/jvm/java-7-openjdk-amd64/jre/lib/amd64/server/libjvm.so
7f5a3c1a2000-7f5a3c1c5000 rw-p 00be0000 08:06 32386232                   /usr/lib/jvm/java-7-openjdk-amd64/jre/lib/amd64/server/libjvm.so
7f5a3c1c5000-7f5a3c1f0000 rw-p 00000000 00:00 0 
7f5a3c1f0000-7f5a3c216000 r-xp 00000000 08:06 16777230                   /lib/x86_64-linux-gnu/ld-2.23.so
7f5a3c22e000-7f5a3c2dd000 rw-p 00000000 00:00 0 
7f5a3c2dd000-7f5a3c325000 rw-p 00000000 00:00 0 
7f5a3c325000-7f5a3c32f000 rw-p 00000000 00:00 0 
7f5a3c32f000-7f5a3c3e5000 rw-p 00000000 00:00 0 
7f5a3c3e5000-7f5a3c3ec000 rw-p 00000000 00:00 0 
7f5a3c3f2000-7f5a3c409000 rw-p 00000000 00:00 0 
7f5a3c409000-7f5a3c411000 rw-s 00000000 08:06 8789706                    /tmp/hsperfdata_luo/5888
7f5a3c411000-7f5a3c412000 rw-p 00000000 00:00 0 
7f5a3c412000-7f5a3c413000 r--p 00000000 00:00 0 
7f5a3c413000-7f5a3c415000 rw-p 00000000 00:00 0 
7f5a3c415000-7f5a3c416000 r--p 00025000 08:06 16777230                   /lib/x86_64-linux-gnu/ld-2.23.so
7f5a3c416000-7f5a3c417000 rw-p 00026000 08:06 16777230                   /lib/x86_64-linux-gnu/ld-2.23.so
7f5a3c417000-7f5a3c418000 rw-p 00000000 00:00 0 
7ffc6a178000-7ffc6a17b000 ---p 00000000 00:00 0 
7ffc6a17b000-7ffc6a278000 rw-p 00000000 00:00 0                          [stack]
7ffc6a2bd000-7ffc6a2bf000 r--p 00000000 00:00 0                          [vvar]
7ffc6a2bf000-7ffc6a2c1000 r-xp 00000000 00:00 0                          [vdso]
ffffffffff600000-ffffffffff601000 r-xp 00000000 00:00 0                  [vsyscall]

VM Arguments:
java_command: <unknown>
Launcher Type: generic

Environment Variables:
PATH=/home/luo/bin:/home/luo/.local/bin:/usr/local/sbin:/usr/local/bin:/usr/sbin:/usr/bin:/sbin:/bin:/usr/games:/usr/local/games:/snap/bin:/usr/local/arm/4.4.3/bin:/usr/local/gradle/4.1/bin
LD_LIBRARY_PATH=/usr/lib/jvm/java-7-openjdk-amd64/jre/lib/amd64/server
SHELL=/bin/bash
DISPLAY=:0

Signal Handlers:
SIGSEGV: [libjvm.so+0x994310], sa_mask[0]=0x7ffbfeff, sa_flags=0x10000004
SIGBUS: [libjvm.so+0x994310], sa_mask[0]=0x7ffbfeff, sa_flags=0x10000004
SIGFPE: [libjvm.so+0x7fb870], sa_mask[0]=0x7ffbfeff, sa_flags=0x10000004
SIGPIPE: [libjvm.so+0x7fb870], sa_mask[0]=0x7ffbfeff, sa_flags=0x10000004
SIGXFSZ: [libjvm.so+0x7fb870], sa_mask[0]=0x7ffbfeff, sa_flags=0x10000004
SIGILL: [libjvm.so+0x7fb870], sa_mask[0]=0x7ffbfeff, sa_flags=0x10000004
SIGUSR1: SIG_DFL, sa_mask[0]=0x00000000, sa_flags=0x00000000
SIGUSR2: [libjvm.so+0x7fb6f0], sa_mask[0]=0x00000000, sa_flags=0x10000004
SIGHUP: [libjvm.so+0x7fb880], sa_mask[0]=0x7ffbfeff, sa_flags=0x10000004
SIGINT: [libjvm.so+0x7fb880], sa_mask[0]=0x7ffbfeff, sa_flags=0x10000004
SIGTERM: [libjvm.so+0x7fb880], sa_mask[0]=0x7ffbfeff, sa_flags=0x10000004
SIGQUIT: [libjvm.so+0x7fb880], sa_mask[0]=0x7ffbfeff, sa_flags=0x10000004
SIGTRAP: SIG_DFL, sa_mask[0]=0x00000000, sa_flags=0x00000000


---------------  S Y S T E M  ---------------

OS:Ubuntu 16.04 (xenial)
uname:Linux 4.10.0-40-generic #44~16.04.1-Ubuntu SMP Thu Nov 9 15:37:44 UTC 2017 x86_64
libc:glibc 2.23 NPTL 2.23 
rlimit: STACK 8192k, CORE 0k, NPROC 15195, NOFILE 1048576, AS infinity
load average:0.78 0.28 0.19

/proc/meminfo:
MemTotal:        3941892 kB
MemFree:          175328 kB
MemAvailable:    1399100 kB
Buffers:          192040 kB
Cached:          1192464 kB
SwapCached:           72 kB
Active:          2847440 kB
Inactive:         602308 kB
Active(anon):    1774384 kB
Inactive(anon):   300684 kB
Active(file):    1073056 kB
Inactive(file):   301624 kB
Unevictable:          32 kB
Mlocked:              32 kB
SwapTotal:       4089852 kB
SwapFree:        4089136 kB
Dirty:               236 kB
Writeback:             0 kB
AnonPages:       2041172 kB
Mapped:           339576 kB
Shmem:              9828 kB
Slab:             152288 kB
SReclaimable:     105444 kB
SUnreclaim:        46844 kB
KernelStack:        8144 kB
PageTables:        33772 kB
NFS_Unstable:          0 kB
Bounce:                0 kB
WritebackTmp:          0 kB
CommitLimit:     6060796 kB
Committed_AS:    4946876 kB
VmallocTotal:   34359738367 kB
VmallocUsed:           0 kB
VmallocChunk:          0 kB
HardwareCorrupted:     0 kB
AnonHugePages:   1409024 kB
ShmemHugePages:        0 kB
ShmemPmdMapped:        0 kB
CmaTotal:              0 kB
CmaFree:               0 kB
HugePages_Total:       0
HugePages_Free:        0
HugePages_Rsvd:        0
HugePages_Surp:        0
Hugepagesize:       2048 kB
DirectMap4k:      278304 kB
DirectMap2M:     3813376 kB
DirectMap1G:           0 kB


CPU:total 4 (2 cores per cpu, 2 threads per core) family 6 model 61 stepping 4, cmov, cx8, fxsr, mmx, sse, sse2, sse3, ssse3, sse4.1, sse4.2, popcnt, avx, avx2, aes, erms, ht, tsc, tscinvbit

/proc/cpuinfo:
processor	: 0
vendor_id	: GenuineIntel
cpu family	: 6
model		: 61
model name	: Intel(R) Core(TM) i7-5500U CPU @ 2.40GHz
stepping	: 4
microcode	: 0x25
cpu MHz		: 2899.951
cache size	: 4096 KB
physical id	: 0
siblings	: 4
core id		: 0
cpu cores	: 2
apicid		: 0
initial apicid	: 0
fpu		: yes
fpu_exception	: yes
cpuid level	: 20
wp		: yes
flags		: fpu vme de pse tsc msr pae mce cx8 apic sep mtrr pge mca cmov pat pse36 clflush dts acpi mmx fxsr sse sse2 ss ht tm pbe syscall nx pdpe1gb rdtscp lm constant_tsc arch_perfmon pebs bts rep_good nopl xtopology nonstop_tsc aperfmperf pni pclmulqdq dtes64 monitor ds_cpl vmx est tm2 ssse3 sdbg fma cx16 xtpr pdcm pcid sse4_1 sse4_2 x2apic movbe popcnt tsc_deadline_timer aes xsave avx f16c rdrand lahf_lm abm 3dnowprefetch epb intel_pt tpr_shadow vnmi flexpriority ept vpid fsgsbase tsc_adjust bmi1 avx2 smep bmi2 erms invpcid rdseed adx smap xsaveopt dtherm ida arat pln pts
bugs		:
bogomips	: 4789.15
clflush size	: 64
cache_alignment	: 64
address sizes	: 39 bits physical, 48 bits virtual
power management:

processor	: 1
vendor_id	: GenuineIntel
cpu family	: 6
model		: 61
model name	: Intel(R) Core(TM) i7-5500U CPU @ 2.40GHz
stepping	: 4
microcode	: 0x25
cpu MHz		: 2957.226
cache size	: 4096 KB
physical id	: 0
siblings	: 4
core id		: 1
cpu cores	: 2
apicid		: 2
initial apicid	: 2
fpu		: yes
fpu_exception	: yes
cpuid level	: 20
wp		: yes
flags		: fpu vme de pse tsc msr pae mce cx8 apic sep mtrr pge mca cmov pat pse36 clflush dts acpi mmx fxsr sse sse2 ss ht tm pbe syscall nx pdpe1gb rdtscp lm constant_tsc arch_perfmon pebs bts rep_good nopl xtopology nonstop_tsc aperfmperf pni pclmulqdq dtes64 monitor ds_cpl vmx est tm2 ssse3 sdbg fma cx16 xtpr pdcm pcid sse4_1 sse4_2 x2apic movbe popcnt tsc_deadline_timer aes xsave avx f16c rdrand lahf_lm abm 3dnowprefetch epb intel_pt tpr_shadow vnmi flexpriority ept vpid fsgsbase tsc_adjust bmi1 avx2 smep bmi2 erms invpcid rdseed adx smap xsaveopt dtherm ida arat pln pts
bugs		:
bogomips	: 4789.15
clflush size	: 64
cache_alignment	: 64
address sizes	: 39 bits physical, 48 bits virtual
power management:

processor	: 2
vendor_id	: GenuineIntel
cpu family	: 6
model		: 61
model name	: Intel(R) Core(TM) i7-5500U CPU @ 2.40GHz
stepping	: 4
microcode	: 0x25
cpu MHz		: 2899.951
cache size	: 4096 KB
physical id	: 0
siblings	: 4
core id		: 0
cpu cores	: 2
apicid		: 1
initial apicid	: 1
fpu		: yes
fpu_exception	: yes
cpuid level	: 20
wp		: yes
flags		: fpu vme de pse tsc msr pae mce cx8 apic sep mtrr pge mca cmov pat pse36 clflush dts acpi mmx fxsr sse sse2 ss ht tm pbe syscall nx pdpe1gb rdtscp lm constant_tsc arch_perfmon pebs bts rep_good nopl xtopology nonstop_tsc aperfmperf pni pclmulqdq dtes64 monitor ds_cpl vmx est tm2 ssse3 sdbg fma cx16 xtpr pdcm pcid sse4_1 sse4_2 x2apic movbe popcnt tsc_deadline_timer aes xsave avx f16c rdrand lahf_lm abm 3dnowprefetch epb intel_pt tpr_shadow vnmi flexpriority ept vpid fsgsbase tsc_adjust bmi1 avx2 smep bmi2 erms invpcid rdseed adx smap xsaveopt dtherm ida arat pln pts
bugs		:
bogomips	: 4789.15
clflush size	: 64
cache_alignment	: 64
address sizes	: 39 bits physical, 48 bits virtual
power management:

processor	: 3
vendor_id	: GenuineIntel
cpu family	: 6
model		: 61
model name	: Intel(R) Core(TM) i7-5500U CPU @ 2.40GHz
stepping	: 4
microcode	: 0x25
cpu MHz		: 2963.085
cache size	: 4096 KB
physical id	: 0
siblings	: 4
core id		: 1
cpu cores	: 2
apicid		: 3
initial apicid	: 3
fpu		: yes
fpu_exception	: yes
cpuid level	: 20
wp		: yes
flags		: fpu vme de pse tsc msr pae mce cx8 apic sep mtrr pge mca cmov pat pse36 clflush dts acpi mmx fxsr sse sse2 ss ht tm pbe syscall nx pdpe1gb rdtscp lm constant_tsc arch_perfmon pebs bts rep_good nopl xtopology nonstop_tsc aperfmperf pni pclmulqdq dtes64 monitor ds_cpl vmx est tm2 ssse3 sdbg fma cx16 xtpr pdcm pcid sse4_1 sse4_2 x2apic movbe popcnt tsc_deadline_timer aes xsave avx f16c rdrand lahf_lm abm 3dnowprefetch epb intel_pt tpr_shadow vnmi flexpriority ept vpid fsgsbase tsc_adjust bmi1 avx2 smep bmi2 erms invpcid rdseed adx smap xsaveopt dtherm ida arat pln pts
bugs		:
bogomips	: 4789.15
clflush size	: 64
cache_alignment	: 64
address sizes	: 39 bits physical, 48 bits virtual
power management:



Memory: 4k page, physical 3941892k(175328k free), swap 4089852k(4089136k free)

vm_info: OpenJDK 64-Bit Server VM (24.95-b01) for linux-amd64 JRE (1.7.0_95-b00), built on Mar 27 2016 12:52:52 by "buildd" with gcc 5.3.1 20160323

time: Thu Dec  7 10:56:21 2017
elapsed time: 0 seconds

